# JRE version: Java(TM) SE Runtime Environment (14.0.1+7) (build 14.0.1+7)
# Java VM: Java HotSpot(TM) 64-Bit Server VM (14.0.1+7, mixed mode, sharing, tiered, compressed oops, g1 gc, windows-amd64)
Heap:
 garbage-first heap   total 290816K, used 83828K [0x0000000084400000, 0x0000000100000000)
  region size 1024K, 19 young (19456K), 4 survivors (4096K)
 Metaspace       used 40466K, capacity 42075K, committed 42368K, reserved 1087488K
  class space    used 4560K, capacity 5183K, committed 5248K, reserved 1048576K
GC Heap History (20 events):
Event: 316.625 GC heap before
{Heap before GC invocations=174 (full 0):
 garbage-first heap   total 454656K, used 313200K [0x0000000084400000, 0x0000000100000000)
  region size 1024K, 16 young (16384K), 3 survivors (3072K)
 Metaspace       used 40275K, capacity 41871K, committed 42112K, reserved 1085440K
  class space    used 4560K, capacity 5183K, committed 5248K, reserved 1048576K
}
Event: 316.632 GC heap after
{Heap after GC invocations=175 (full 0):
 garbage-first heap   total 454656K, used 71757K [0x0000000084400000, 0x0000000100000000)
  region size 1024K, 2 young (2048K), 2 survivors (2048K)
 Metaspace       used 40275K, capacity 41871K, committed 42112K, reserved 1085440K
  class space    used 4560K, capacity 5183K, committed 5248K, reserved 1048576K
}
Event: 317.151 GC heap before
{Heap before GC invocations=176 (full 0):
 garbage-first heap   total 454656K, used 226381K [0x0000000084400000, 0x0000000100000000)
  region size 1024K, 14 young (14336K), 2 survivors (2048K)
 Metaspace       used 40281K, capacity 41871K, committed 42112K, reserved 1085440K
  class space    used 4560K, capacity 5183K, committed 5248K, reserved 1048576K
}
Event: 317.156 GC heap after
{Heap after GC invocations=177 (full 0):
 garbage-first heap   total 454656K, used 72376K [0x0000000084400000, 0x0000000100000000)
  region size 1024K, 3 young (3072K), 3 survivors (3072K)
 Metaspace       used 40281K, capacity 41871K, committed 42112K, reserved 1085440K
  class space    used 4560K, capacity 5183K, committed 5248K, reserved 1048576K
}
Event: 319.740 GC heap before
{Heap before GC invocations=178 (full 0):
 garbage-first heap   total 857088K, used 843448K [0x0000000084400000, 0x0000000100000000)
  region size 1024K, 58 young (59392K), 3 survivors (3072K)
 Metaspace       used 40287K, capacity 41871K, committed 42112K, reserved 1085440K
  class space    used 4560K, capacity 5183K, committed 5248K, reserved 1048576K
}
Event: 319.747 GC heap after
{Heap after GC invocations=179 (full 0):
 garbage-first heap   total 862208K, used 76476K [0x0000000084400000, 0x0000000100000000)
  region size 1024K, 5 young (5120K), 5 survivors (5120K)
 Metaspace       used 40287K, capacity 41871K, committed 42112K, reserved 1085440K
  class space    used 4560K, capacity 5183K, committed 5248K, reserved 1048576K
}
Event: 323.352 GC heap before
{Heap before GC invocations=179 (full 0):
 garbage-first heap   total 862208K, used 220860K [0x0000000084400000, 0x0000000100000000)
  region size 1024K, 42 young (43008K), 5 survivors (5120K)
 Metaspace       used 40288K, capacity 41871K, committed 42112K, reserved 1085440K
  class space    used 4560K, capacity 5183K, committed 5248K, reserved 1048576K
}
Event: 323.360 GC heap after
{Heap after GC invocations=180 (full 0):
 garbage-first heap   total 862208K, used 77525K [0x0000000084400000, 0x0000000100000000)
  region size 1024K, 3 young (3072K), 3 survivors (3072K)
 Metaspace       used 40288K, capacity 41871K, committed 42112K, reserved 1085440K
  class space    used 4560K, capacity 5183K, committed 5248K, reserved 1048576K
}
Event: 323.916 GC heap before
{Heap before GC invocations=180 (full 0):
 garbage-first heap   total 862208K, used 400085K [0x0000000084400000, 0x0000000100000000)
  region size 1024K, 27 young (27648K), 3 survivors (3072K)
 Metaspace       used 40296K, capacity 41872K, committed 42112K, reserved 1085440K
  class space    used 4560K, capacity 5183K, committed 5248K, reserved 1048576K
}
Event: 323.923 GC heap after
{Heap after GC invocations=181 (full 0):
 garbage-first heap   total 862208K, used 95531K [0x0000000084400000, 0x0000000100000000)
  region size 1024K, 3 young (3072K), 3 survivors (3072K)
 Metaspace       used 40296K, capacity 41872K, committed 42112K, reserved 1085440K
  class space    used 4560K, capacity 5183K, committed 5248K, reserved 1048576K
}
Event: 324.649 GC heap before
{Heap before GC invocations=182 (full 0):
 garbage-first heap   total 1266688K, used 767275K [0x0000000084400000, 0x0000000100000000)
  region size 1024K, 49 young (50176K), 3 survivors (3072K)
 Metaspace       used 40313K, capacity 41873K, committed 42112K, reserved 1085440K
  class space    used 4560K, capacity 5183K, committed 5248K, reserved 1048576K
}
Event: 324.657 GC heap after
{Heap after GC invocations=183 (full 0):
 garbage-first heap   total 1266688K, used 78006K [0x0000000084400000, 0x0000000100000000)
  region size 1024K, 3 young (3072K), 3 survivors (3072K)
 Metaspace       used 40313K, capacity 41873K, committed 42112K, reserved 1085440K
  class space    used 4560K, capacity 5183K, committed 5248K, reserved 1048576K
}
Event: 349.291 GC heap before
{Heap before GC invocations=184 (full 0):
 garbage-first heap   total 542720K, used 378038K [0x0000000084400000, 0x0000000100000000)
  region size 1024K, 149 young (152576K), 3 survivors (3072K)
 Metaspace       used 40370K, capacity 41939K, committed 42112K, reserved 1085440K
  class space    used 4560K, capacity 5183K, committed 5248K, reserved 1048576K
}
Event: 349.298 GC heap after
{Heap after GC invocations=185 (full 0):
 garbage-first heap   total 542720K, used 74448K [0x0000000084400000, 0x0000000100000000)
  region size 1024K, 4 young (4096K), 4 survivors (4096K)
 Metaspace       used 40370K, capacity 41939K, committed 42112K, reserved 1085440K
  class space    used 4560K, capacity 5183K, committed 5248K, reserved 1048576K
}
Event: 376.839 GC heap before
{Heap before GC invocations=186 (full 0):
 garbage-first heap   total 384000K, used 370384K [0x0000000084400000, 0x0000000100000000)
  region size 1024K, 80 young (81920K), 4 survivors (4096K)
 Metaspace       used 40463K, capacity 42075K, committed 42368K, reserved 1087488K
  class space    used 4560K, capacity 5183K, committed 5248K, reserved 1048576K
}
Event: 376.846 GC heap after
{Heap after GC invocations=187 (full 0):
 garbage-first heap   total 392192K, used 78304K [0x0000000084400000, 0x0000000100000000)
  region size 1024K, 8 young (8192K), 8 survivors (8192K)
 Metaspace       used 40463K, capacity 42075K, committed 42368K, reserved 1087488K
  class space    used 4560K, capacity 5183K, committed 5248K, reserved 1048576K
}
Event: 376.905 GC heap before
{Heap before GC invocations=187 (full 0):
 garbage-first heap   total 392192K, used 95712K [0x0000000084400000, 0x0000000100000000)
  region size 1024K, 19 young (19456K), 8 survivors (8192K)
 Metaspace       used 40466K, capacity 42075K, committed 42368K, reserved 1087488K
  class space    used 4560K, capacity 5183K, committed 5248K, reserved 1048576K
}
Event: 376.931 GC heap after
{Heap after GC invocations=188 (full 0):
 garbage-first heap   total 392192K, used 68418K [0x0000000084400000, 0x0000000100000000)
  region size 1024K, 3 young (3072K), 3 survivors (3072K)
 Metaspace       used 40466K, capacity 42075K, committed 42368K, reserved 1087488K
  class space    used 4560K, capacity 5183K, committed 5248K, reserved 1048576K
}
Event: 376.931 GC heap before
{Heap before GC invocations=188 (full 0):
 garbage-first heap   total 392192K, used 69442K [0x0000000084400000, 0x0000000100000000)
  region size 1024K, 5 young (5120K), 3 survivors (3072K)
 Metaspace       used 40466K, capacity 42075K, committed 42368K, reserved 1087488K
  class space    used 4560K, capacity 5183K, committed 5248K, reserved 1048576K
}
Event: 376.936 GC heap after
{Heap after GC invocations=189 (full 0):
 garbage-first heap   total 392192K, used 68468K [0x0000000084400000, 0x0000000100000000)
  region size 1024K, 4 young (4096K), 4 survivors (4096K)
 Metaspace       used 40466K, capacity 42075K, committed 42368K, reserved 1087488K
  class space    used 4560K, capacity 5183K, committed 5248K, reserved 1048576K
}

