# JRE version: Java(TM) SE Runtime Environment (14.0.1+7) (build 14.0.1+7)
# Java VM: Java HotSpot(TM) 64-Bit Server VM (14.0.1+7, mixed mode, sharing, tiered, compressed oops, g1 gc, windows-amd64)
Heap:
 garbage-first heap   total 551936K, used 72986K [0x0000000084400000, 0x0000000100000000)
  region size 1024K, 12 young (12288K), 6 survivors (6144K)
 Metaspace       used 34258K, capacity 35590K, committed 35712K, reserved 1081344K
  class space    used 3887K, capacity 4394K, committed 4480K, reserved 1048576K
GC Heap History (20 events):
Event: 90.262 GC heap before
{Heap before GC invocations=97 (full 0):
 garbage-first heap   total 365568K, used 178749K [0x0000000084400000, 0x0000000100000000)
  region size 1024K, 9 young (9216K), 2 survivors (2048K)
 Metaspace       used 33836K, capacity 35096K, committed 35328K, reserved 1081344K
  class space    used 3819K, capacity 4315K, committed 4352K, reserved 1048576K
}
Event: 90.266 GC heap after
{Heap after GC invocations=98 (full 0):
 garbage-first heap   total 365568K, used 33938K [0x0000000084400000, 0x0000000100000000)
  region size 1024K, 3 young (3072K), 3 survivors (3072K)
 Metaspace       used 33836K, capacity 35096K, committed 35328K, reserved 1081344K
  class space    used 3819K, capacity 4315K, committed 4352K, reserved 1048576K
}
Event: 90.617 GC heap before
{Heap before GC invocations=99 (full 0):
 garbage-first heap   total 191488K, used 104594K [0x0000000084400000, 0x0000000100000000)
  region size 1024K, 27 young (27648K), 3 survivors (3072K)
 Metaspace       used 33841K, capacity 35096K, committed 35328K, reserved 1081344K
  class space    used 3819K, capacity 4315K, committed 4352K, reserved 1048576K
}
Event: 90.620 GC heap after
{Heap after GC invocations=100 (full 0):
 garbage-first heap   total 191488K, used 37353K [0x0000000084400000, 0x0000000100000000)
  region size 1024K, 3 young (3072K), 3 survivors (3072K)
 Metaspace       used 33841K, capacity 35096K, committed 35328K, reserved 1081344K
  class space    used 3819K, capacity 4315K, committed 4352K, reserved 1048576K
}
Event: 91.415 GC heap before
{Heap before GC invocations=101 (full 0):
 garbage-first heap   total 191488K, used 91625K [0x0000000084400000, 0x0000000100000000)
  region size 1024K, 24 young (24576K), 3 survivors (3072K)
 Metaspace       used 33860K, capacity 35096K, committed 35328K, reserved 1081344K
  class space    used 3819K, capacity 4315K, committed 4352K, reserved 1048576K
}
Event: 91.418 GC heap after
{Heap after GC invocations=102 (full 0):
 garbage-first heap   total 191488K, used 36452K [0x0000000084400000, 0x0000000100000000)
  region size 1024K, 2 young (2048K), 2 survivors (2048K)
 Metaspace       used 33860K, capacity 35096K, committed 35328K, reserved 1081344K
  class space    used 3819K, capacity 4315K, committed 4352K, reserved 1048576K
}
Event: 95.769 GC heap before
{Heap before GC invocations=103 (full 0):
 garbage-first heap   total 191488K, used 110180K [0x0000000084400000, 0x0000000100000000)
  region size 1024K, 33 young (33792K), 2 survivors (2048K)
 Metaspace       used 34087K, capacity 35388K, committed 35712K, reserved 1081344K
  class space    used 3873K, capacity 4391K, committed 4480K, reserved 1048576K
}
Event: 95.772 GC heap after
{Heap after GC invocations=104 (full 0):
 garbage-first heap   total 191488K, used 34649K [0x0000000084400000, 0x0000000100000000)
  region size 1024K, 4 young (4096K), 4 survivors (4096K)
 Metaspace       used 34087K, capacity 35388K, committed 35712K, reserved 1081344K
  class space    used 3873K, capacity 4391K, committed 4480K, reserved 1048576K
}
Event: 101.387 GC heap before
{Heap before GC invocations=105 (full 0):
 garbage-first heap   total 522240K, used 513881K [0x0000000084400000, 0x0000000100000000)
  region size 1024K, 66 young (67584K), 4 survivors (4096K)
 Metaspace       used 34111K, capacity 35388K, committed 35712K, reserved 1081344K
  class space    used 3873K, capacity 4391K, committed 4480K, reserved 1048576K
}
Event: 101.391 GC heap after
{Heap after GC invocations=106 (full 0):
 garbage-first heap   total 526336K, used 51380K [0x0000000084400000, 0x0000000100000000)
  region size 1024K, 3 young (3072K), 3 survivors (3072K)
 Metaspace       used 34111K, capacity 35388K, committed 35712K, reserved 1081344K
  class space    used 3873K, capacity 4391K, committed 4480K, reserved 1048576K
}
Event: 101.771 GC heap before
{Heap before GC invocations=106 (full 0):
 garbage-first heap   total 526336K, used 473268K [0x0000000084400000, 0x0000000100000000)
  region size 1024K, 25 young (25600K), 3 survivors (3072K)
 Metaspace       used 34198K, capacity 35525K, committed 35712K, reserved 1081344K
  class space    used 3887K, capacity 4394K, committed 4480K, reserved 1048576K
}
Event: 101.776 GC heap after
{Heap after GC invocations=107 (full 0):
 garbage-first heap   total 526336K, used 35719K [0x0000000084400000, 0x0000000100000000)
  region size 1024K, 4 young (4096K), 4 survivors (4096K)
 Metaspace       used 34198K, capacity 35525K, committed 35712K, reserved 1081344K
  class space    used 3887K, capacity 4394K, committed 4480K, reserved 1048576K
}
Event: 101.851 GC heap before
{Heap before GC invocations=107 (full 0):
 garbage-first heap   total 526336K, used 38791K [0x0000000084400000, 0x0000000100000000)
  region size 1024K, 8 young (8192K), 4 survivors (4096K)
 Metaspace       used 34198K, capacity 35525K, committed 35712K, reserved 1081344K
  class space    used 3887K, capacity 4394K, committed 4480K, reserved 1048576K
}
Event: 101.854 GC heap after
{Heap after GC invocations=108 (full 0):
 garbage-first heap   total 526336K, used 35663K [0x0000000084400000, 0x0000000100000000)
  region size 1024K, 4 young (4096K), 4 survivors (4096K)
 Metaspace       used 34198K, capacity 35525K, committed 35712K, reserved 1081344K
  class space    used 3887K, capacity 4394K, committed 4480K, reserved 1048576K
}
Event: 103.072 GC heap before
{Heap before GC invocations=109 (full 0):
 garbage-first heap   total 497664K, used 489295K [0x0000000084400000, 0x0000000100000000)
  region size 1024K, 82 young (83968K), 4 survivors (4096K)
 Metaspace       used 34225K, capacity 35525K, committed 35712K, reserved 1081344K
  class space    used 3887K, capacity 4394K, committed 4480K, reserved 1048576K
}
Event: 103.078 GC heap after
{Heap after GC invocations=110 (full 0):
 garbage-first heap   total 503808K, used 45016K [0x0000000084400000, 0x0000000100000000)
  region size 1024K, 5 young (5120K), 5 survivors (5120K)
 Metaspace       used 34225K, capacity 35525K, committed 35712K, reserved 1081344K
  class space    used 3887K, capacity 4394K, committed 4480K, reserved 1048576K
}
Event: 103.490 GC heap before
{Heap before GC invocations=110 (full 0):
 garbage-first heap   total 503808K, used 266200K [0x0000000084400000, 0x0000000100000000)
  region size 1024K, 24 young (24576K), 5 survivors (5120K)
 Metaspace       used 34230K, capacity 35526K, committed 35712K, reserved 1081344K
  class space    used 3887K, capacity 4394K, committed 4480K, reserved 1048576K
}
Event: 103.493 GC heap after
{Heap after GC invocations=111 (full 0):
 garbage-first heap   total 503808K, used 54277K [0x0000000084400000, 0x0000000100000000)
  region size 1024K, 3 young (3072K), 3 survivors (3072K)
 Metaspace       used 34230K, capacity 35526K, committed 35712K, reserved 1081344K
  class space    used 3887K, capacity 4394K, committed 4480K, reserved 1048576K
}
Event: 103.583 GC heap before
{Heap before GC invocations=111 (full 0):
 garbage-first heap   total 503808K, used 57349K [0x0000000084400000, 0x0000000100000000)
  region size 1024K, 7 young (7168K), 3 survivors (3072K)
 Metaspace       used 34230K, capacity 35526K, committed 35712K, reserved 1081344K
  class space    used 3887K, capacity 4394K, committed 4480K, reserved 1048576K
}
Event: 103.585 GC heap after
{Heap after GC invocations=112 (full 0):
 garbage-first heap   total 503808K, used 46058K [0x0000000084400000, 0x0000000100000000)
  region size 1024K, 3 young (3072K), 3 survivors (3072K)
 Metaspace       used 34230K, capacity 35526K, committed 35712K, reserved 1081344K
  class space    used 3887K, capacity 4394K, committed 4480K, reserved 1048576K
}

