# JRE version: Java(TM) SE Runtime Environment (14.0.1+7) (build 14.0.1+7)
# Java VM: Java HotSpot(TM) 64-Bit Server VM (14.0.1+7, mixed mode, sharing, tiered, compressed oops, g1 gc, windows-amd64)
Heap:
 garbage-first heap   total 140288K, used 80697K [0x0000000084400000, 0x0000000100000000)
  region size 1024K, 11 young (11264K), 6 survivors (6144K)
 Metaspace       used 36004K, capacity 37448K, committed 37760K, reserved 1081344K
  class space    used 4321K, capacity 4893K, committed 4992K, reserved 1048576K
GC Heap History (20 events):
Event: 45.903 GC heap before
{Heap before GC invocations=41 (full 0):
 garbage-first heap   total 222208K, used 122513K [0x0000000084400000, 0x0000000100000000)
  region size 1024K, 35 young (35840K), 9 survivors (9216K)
 Metaspace       used 35263K, capacity 36757K, committed 36992K, reserved 1081344K
  class space    used 4304K, capacity 4886K, committed 4992K, reserved 1048576K
}
Event: 45.910 GC heap after
{Heap after GC invocations=42 (full 0):
 garbage-first heap   total 222208K, used 65994K [0x0000000084400000, 0x0000000100000000)
  region size 1024K, 12 young (12288K), 12 survivors (12288K)
 Metaspace       used 35263K, capacity 36757K, committed 36992K, reserved 1081344K
  class space    used 4304K, capacity 4886K, committed 4992K, reserved 1048576K
}
Event: 46.454 GC heap before
{Heap before GC invocations=43 (full 0):
 garbage-first heap   total 222208K, used 144842K [0x0000000084400000, 0x0000000100000000)
  region size 1024K, 57 young (58368K), 12 survivors (12288K)
 Metaspace       used 35411K, capacity 36828K, committed 36992K, reserved 1081344K
  class space    used 4309K, capacity 4887K, committed 4992K, reserved 1048576K
}
Event: 46.461 GC heap after
{Heap after GC invocations=44 (full 0):
 garbage-first heap   total 222208K, used 42420K [0x0000000084400000, 0x0000000100000000)
  region size 1024K, 6 young (6144K), 6 survivors (6144K)
 Metaspace       used 35411K, capacity 36828K, committed 36992K, reserved 1081344K
  class space    used 4309K, capacity 4887K, committed 4992K, reserved 1048576K
}
Event: 48.170 GC heap before
{Heap before GC invocations=45 (full 0):
 garbage-first heap   total 222208K, used 153012K [0x0000000084400000, 0x0000000100000000)
  region size 1024K, 63 young (64512K), 6 survivors (6144K)
 Metaspace       used 35583K, capacity 37047K, committed 37248K, reserved 1081344K
  class space    used 4311K, capacity 4890K, committed 4992K, reserved 1048576K
}
Event: 48.175 GC heap after
{Heap after GC invocations=46 (full 0):
 garbage-first heap   total 222208K, used 41704K [0x0000000084400000, 0x0000000100000000)
  region size 1024K, 6 young (6144K), 6 survivors (6144K)
 Metaspace       used 35583K, capacity 37047K, committed 37248K, reserved 1081344K
  class space    used 4311K, capacity 4890K, committed 4992K, reserved 1048576K
}
Event: 48.811 GC heap before
{Heap before GC invocations=47 (full 0):
 garbage-first heap   total 222208K, used 127720K [0x0000000084400000, 0x0000000100000000)
  region size 1024K, 29 young (29696K), 6 survivors (6144K)
 Metaspace       used 35617K, capacity 37111K, committed 37248K, reserved 1081344K
  class space    used 4311K, capacity 4890K, committed 4992K, reserved 1048576K
}
Event: 48.816 GC heap after
{Heap after GC invocations=48 (full 0):
 garbage-first heap   total 222208K, used 37300K [0x0000000084400000, 0x0000000100000000)
  region size 1024K, 6 young (6144K), 6 survivors (6144K)
 Metaspace       used 35617K, capacity 37111K, committed 37248K, reserved 1081344K
  class space    used 4311K, capacity 4890K, committed 4992K, reserved 1048576K
}
Event: 48.973 GC heap before
{Heap before GC invocations=49 (full 0):
 garbage-first heap   total 140288K, used 62900K [0x0000000084400000, 0x0000000100000000)
  region size 1024K, 13 young (13312K), 6 survivors (6144K)
 Metaspace       used 35630K, capacity 37111K, committed 37248K, reserved 1081344K
  class space    used 4311K, capacity 4890K, committed 4992K, reserved 1048576K
}
Event: 48.978 GC heap after
{Heap after GC invocations=50 (full 0):
 garbage-first heap   total 140288K, used 39348K [0x0000000084400000, 0x0000000100000000)
  region size 1024K, 7 young (7168K), 7 survivors (7168K)
 Metaspace       used 35630K, capacity 37111K, committed 37248K, reserved 1081344K
  class space    used 4311K, capacity 4890K, committed 4992K, reserved 1048576K
}
Event: 49.236 GC heap before
{Heap before GC invocations=51 (full 0):
 garbage-first heap   total 140288K, used 71092K [0x0000000084400000, 0x0000000100000000)
  region size 1024K, 20 young (20480K), 7 survivors (7168K)
 Metaspace       used 35662K, capacity 37176K, committed 37504K, reserved 1081344K
  class space    used 4311K, capacity 4890K, committed 4992K, reserved 1048576K
}
Event: 49.242 GC heap after
{Heap after GC invocations=52 (full 0):
 garbage-first heap   total 140288K, used 37983K [0x0000000084400000, 0x0000000100000000)
  region size 1024K, 4 young (4096K), 4 survivors (4096K)
 Metaspace       used 35662K, capacity 37176K, committed 37504K, reserved 1081344K
  class space    used 4311K, capacity 4890K, committed 4992K, reserved 1048576K
}
Event: 49.429 GC heap before
{Heap before GC invocations=53 (full 0):
 garbage-first heap   total 140288K, used 62559K [0x0000000084400000, 0x0000000100000000)
  region size 1024K, 11 young (11264K), 4 survivors (4096K)
 Metaspace       used 35676K, capacity 37176K, committed 37504K, reserved 1081344K
  class space    used 4311K, capacity 4890K, committed 4992K, reserved 1048576K
}
Event: 49.433 GC heap after
{Heap after GC invocations=54 (full 0):
 garbage-first heap   total 140288K, used 38822K [0x0000000084400000, 0x0000000100000000)
  region size 1024K, 5 young (5120K), 5 survivors (5120K)
 Metaspace       used 35676K, capacity 37176K, committed 37504K, reserved 1081344K
  class space    used 4311K, capacity 4890K, committed 4992K, reserved 1048576K
}
Event: 53.228 GC heap before
{Heap before GC invocations=55 (full 0):
 garbage-first heap   total 140288K, used 97190K [0x0000000084400000, 0x0000000100000000)
  region size 1024K, 39 young (39936K), 5 survivors (5120K)
 Metaspace       used 35961K, capacity 37445K, committed 37760K, reserved 1081344K
  class space    used 4321K, capacity 4893K, committed 4992K, reserved 1048576K
}
Event: 53.235 GC heap after
{Heap after GC invocations=56 (full 0):
 garbage-first heap   total 140288K, used 41894K [0x0000000084400000, 0x0000000100000000)
  region size 1024K, 7 young (7168K), 7 survivors (7168K)
 Metaspace       used 35961K, capacity 37445K, committed 37760K, reserved 1081344K
  class space    used 4321K, capacity 4893K, committed 4992K, reserved 1048576K
}
Event: 53.806 GC heap before
{Heap before GC invocations=57 (full 0):
 garbage-first heap   total 140288K, used 62374K [0x0000000084400000, 0x0000000100000000)
  region size 1024K, 11 young (11264K), 7 survivors (7168K)
 Metaspace       used 35975K, capacity 37446K, committed 37760K, reserved 1081344K
  class space    used 4321K, capacity 4893K, committed 4992K, reserved 1048576K
}
Event: 53.810 GC heap after
{Heap after GC invocations=58 (full 0):
 garbage-first heap   total 140288K, used 41544K [0x0000000084400000, 0x0000000100000000)
  region size 1024K, 5 young (5120K), 5 survivors (5120K)
 Metaspace       used 35975K, capacity 37446K, committed 37760K, reserved 1081344K
  class space    used 4321K, capacity 4893K, committed 4992K, reserved 1048576K
}
Event: 53.922 GC heap before
{Heap before GC invocations=59 (full 0):
 garbage-first heap   total 140288K, used 58952K [0x0000000084400000, 0x0000000100000000)
  region size 1024K, 6 young (6144K), 5 survivors (5120K)
 Metaspace       used 35975K, capacity 37446K, committed 37760K, reserved 1081344K
  class space    used 4321K, capacity 4893K, committed 4992K, reserved 1048576K
}
Event: 53.924 GC heap after
{Heap after GC invocations=60 (full 0):
 garbage-first heap   total 140288K, used 41785K [0x0000000084400000, 0x0000000100000000)
  region size 1024K, 6 young (6144K), 6 survivors (6144K)
 Metaspace       used 35975K, capacity 37446K, committed 37760K, reserved 1081344K
  class space    used 4321K, capacity 4893K, committed 4992K, reserved 1048576K
}

