# JRE version: Java(TM) SE Runtime Environment (14.0.1+7) (build 14.0.1+7)
# Java VM: Java HotSpot(TM) 64-Bit Server VM (14.0.1+7, mixed mode, sharing, tiered, compressed oops, g1 gc, windows-amd64)
Heap:
 garbage-first heap   total 330752K, used 314242K [0x0000000084400000, 0x0000000100000000)
  region size 1024K, 15 young (15360K), 1 survivors (1024K)
 Metaspace       used 33993K, capacity 35317K, committed 35456K, reserved 1081344K
  class space    used 3843K, capacity 4353K, committed 4480K, reserved 1048576K
GC Heap History (20 events):
Event: 43.316 GC heap before
{Heap before GC invocations=71 (full 0):
 garbage-first heap   total 379904K, used 236242K [0x0000000084400000, 0x0000000100000000)
  region size 1024K, 9 young (9216K), 1 survivors (1024K)
 Metaspace       used 33579K, capacity 34875K, committed 35072K, reserved 1079296K
  class space    used 3840K, capacity 4349K, committed 4352K, reserved 1048576K
}
Event: 43.318 GC heap after
{Heap after GC invocations=72 (full 0):
 garbage-first heap   total 379904K, used 37642K [0x0000000084400000, 0x0000000100000000)
  region size 1024K, 2 young (2048K), 2 survivors (2048K)
 Metaspace       used 33579K, capacity 34875K, committed 35072K, reserved 1079296K
  class space    used 3840K, capacity 4349K, committed 4352K, reserved 1048576K
}
Event: 43.586 GC heap before
{Heap before GC invocations=73 (full 0):
 garbage-first heap   total 379904K, used 173834K [0x0000000084400000, 0x0000000100000000)
  region size 1024K, 14 young (14336K), 2 survivors (2048K)
 Metaspace       used 33594K, capacity 34881K, committed 35072K, reserved 1079296K
  class space    used 3840K, capacity 4350K, committed 4352K, reserved 1048576K
}
Event: 43.589 GC heap after
{Heap after GC invocations=74 (full 0):
 garbage-first heap   total 379904K, used 40928K [0x0000000084400000, 0x0000000100000000)
  region size 1024K, 3 young (3072K), 3 survivors (3072K)
 Metaspace       used 33594K, capacity 34881K, committed 35072K, reserved 1079296K
  class space    used 3840K, capacity 4350K, committed 4352K, reserved 1048576K
}
Event: 45.073 GC heap before
{Heap before GC invocations=75 (full 0):
 garbage-first heap   total 256000K, used 143328K [0x0000000084400000, 0x0000000100000000)
  region size 1024K, 34 young (34816K), 3 survivors (3072K)
 Metaspace       used 33648K, capacity 34962K, committed 35072K, reserved 1079296K
  class space    used 3840K, capacity 4350K, committed 4352K, reserved 1048576K
}
Event: 45.076 GC heap after
{Heap after GC invocations=76 (full 0):
 garbage-first heap   total 256000K, used 37604K [0x0000000084400000, 0x0000000100000000)
  region size 1024K, 2 young (2048K), 2 survivors (2048K)
 Metaspace       used 33648K, capacity 34962K, committed 35072K, reserved 1079296K
  class space    used 3840K, capacity 4350K, committed 4352K, reserved 1048576K
}
Event: 57.538 GC heap before
{Heap before GC invocations=77 (full 0):
 garbage-first heap   total 365568K, used 359140K [0x0000000084400000, 0x0000000100000000)
  region size 1024K, 62 young (63488K), 2 survivors (2048K)
 Metaspace       used 33784K, capacity 35102K, committed 35328K, reserved 1081344K
  class space    used 3840K, capacity 4350K, committed 4352K, reserved 1048576K
}
Event: 57.541 GC heap after
{Heap after GC invocations=78 (full 0):
 garbage-first heap   total 367616K, used 38018K [0x0000000084400000, 0x0000000100000000)
  region size 1024K, 2 young (2048K), 2 survivors (2048K)
 Metaspace       used 33784K, capacity 35102K, committed 35328K, reserved 1081344K
  class space    used 3840K, capacity 4350K, committed 4352K, reserved 1048576K
}
Event: 59.252 GC heap before
{Heap before GC invocations=78 (full 0):
 garbage-first heap   total 367616K, used 87170K [0x0000000084400000, 0x0000000100000000)
  region size 1024K, 17 young (17408K), 2 survivors (2048K)
 Metaspace       used 33840K, capacity 35106K, committed 35328K, reserved 1081344K
  class space    used 3840K, capacity 4350K, committed 4352K, reserved 1048576K
}
Event: 59.255 GC heap after
{Heap after GC invocations=79 (full 0):
 garbage-first heap   total 367616K, used 38152K [0x0000000084400000, 0x0000000100000000)
  region size 1024K, 2 young (2048K), 2 survivors (2048K)
 Metaspace       used 33840K, capacity 35106K, committed 35328K, reserved 1081344K
  class space    used 3840K, capacity 4350K, committed 4352K, reserved 1048576K
}
Event: 81.814 GC heap before
{Heap before GC invocations=79 (full 0):
 garbage-first heap   total 367616K, used 191752K [0x0000000084400000, 0x0000000100000000)
  region size 1024K, 32 young (32768K), 2 survivors (2048K)
 Metaspace       used 33878K, capacity 35118K, committed 35328K, reserved 1081344K
  class space    used 3842K, capacity 4352K, committed 4352K, reserved 1048576K
}
Event: 81.817 GC heap after
{Heap after GC invocations=80 (full 0):
 garbage-first heap   total 367616K, used 39235K [0x0000000084400000, 0x0000000100000000)
  region size 1024K, 2 young (2048K), 2 survivors (2048K)
 Metaspace       used 33878K, capacity 35118K, committed 35328K, reserved 1081344K
  class space    used 3842K, capacity 4352K, committed 4352K, reserved 1048576K
}
Event: 83.149 GC heap before
{Heap before GC invocations=81 (full 0):
 garbage-first heap   total 342016K, used 180547K [0x0000000084400000, 0x0000000100000000)
  region size 1024K, 41 young (41984K), 2 survivors (2048K)
 Metaspace       used 33913K, capacity 35122K, committed 35456K, reserved 1081344K
  class space    used 3843K, capacity 4353K, committed 4480K, reserved 1048576K
}
Event: 83.151 GC heap after
{Heap after GC invocations=82 (full 0):
 garbage-first heap   total 342016K, used 37967K [0x0000000084400000, 0x0000000100000000)
  region size 1024K, 2 young (2048K), 2 survivors (2048K)
 Metaspace       used 33913K, capacity 35122K, committed 35456K, reserved 1081344K
  class space    used 3843K, capacity 4353K, committed 4480K, reserved 1048576K
}
Event: 84.534 GC heap before
{Heap before GC invocations=83 (full 0):
 garbage-first heap   total 507904K, used 500815K [0x0000000084400000, 0x0000000100000000)
  region size 1024K, 30 young (30720K), 2 survivors (2048K)
 Metaspace       used 33937K, capacity 35252K, committed 35456K, reserved 1081344K
  class space    used 3843K, capacity 4353K, committed 4480K, reserved 1048576K
}
Event: 84.538 GC heap after
{Heap after GC invocations=84 (full 0):
 garbage-first heap   total 510976K, used 39100K [0x0000000084400000, 0x0000000100000000)
  region size 1024K, 3 young (3072K), 3 survivors (3072K)
 Metaspace       used 33937K, capacity 35252K, committed 35456K, reserved 1081344K
  class space    used 3843K, capacity 4353K, committed 4480K, reserved 1048576K
}
Event: 85.284 GC heap before
{Heap before GC invocations=84 (full 0):
 garbage-first heap   total 510976K, used 270524K [0x0000000084400000, 0x0000000100000000)
  region size 1024K, 24 young (24576K), 3 survivors (3072K)
 Metaspace       used 33964K, capacity 35317K, committed 35456K, reserved 1081344K
  class space    used 3843K, capacity 4353K, committed 4480K, reserved 1048576K
}
Event: 85.287 GC heap after
{Heap after GC invocations=85 (full 0):
 garbage-first heap   total 510976K, used 41325K [0x0000000084400000, 0x0000000100000000)
  region size 1024K, 3 young (3072K), 3 survivors (3072K)
 Metaspace       used 33964K, capacity 35317K, committed 35456K, reserved 1081344K
  class space    used 3843K, capacity 4353K, committed 4480K, reserved 1048576K
}
Event: 85.498 GC heap before
{Heap before GC invocations=85 (full 0):
 garbage-first heap   total 510976K, used 44397K [0x0000000084400000, 0x0000000100000000)
  region size 1024K, 7 young (7168K), 3 survivors (3072K)
 Metaspace       used 33965K, capacity 35317K, committed 35456K, reserved 1081344K
  class space    used 3843K, capacity 4353K, committed 4480K, reserved 1048576K
}
Event: 85.500 GC heap after
{Heap after GC invocations=86 (full 0):
 garbage-first heap   total 510976K, used 38168K [0x0000000084400000, 0x0000000100000000)
  region size 1024K, 1 young (1024K), 1 survivors (1024K)
 Metaspace       used 33965K, capacity 35317K, committed 35456K, reserved 1081344K
  class space    used 3843K, capacity 4353K, committed 4480K, reserved 1048576K
}

