# JRE version: Java(TM) SE Runtime Environment (14.0.1+7) (build 14.0.1+7)
# Java VM: Java HotSpot(TM) 64-Bit Server VM (14.0.1+7, mixed mode, sharing, tiered, compressed oops, g1 gc, windows-amd64)
Heap:
 garbage-first heap   total 214016K, used 162726K [0x0000000084400000, 0x0000000100000000)
  region size 1024K, 9 young (9216K), 2 survivors (2048K)
 Metaspace       used 33723K, capacity 34993K, committed 35200K, reserved 1079296K
  class space    used 3848K, capacity 4355K, committed 4480K, reserved 1048576K
GC Heap History (20 events):
Event: 41.193 GC heap before
{Heap before GC invocations=93 (full 0):
 garbage-first heap   total 160768K, used 73597K [0x0000000084400000, 0x0000000100000000)
  region size 1024K, 9 young (9216K), 2 survivors (2048K)
 Metaspace       used 33617K, capacity 34844K, committed 35072K, reserved 1079296K
  class space    used 3846K, capacity 4350K, committed 4352K, reserved 1048576K
}
Event: 41.196 GC heap after
{Heap after GC invocations=94 (full 0):
 garbage-first heap   total 160768K, used 34758K [0x0000000084400000, 0x0000000100000000)
  region size 1024K, 2 young (2048K), 2 survivors (2048K)
 Metaspace       used 33617K, capacity 34844K, committed 35072K, reserved 1079296K
  class space    used 3846K, capacity 4350K, committed 4352K, reserved 1048576K
}
Event: 41.327 GC heap before
{Heap before GC invocations=95 (full 0):
 garbage-first heap   total 195584K, used 159686K [0x0000000084400000, 0x0000000100000000)
  region size 1024K, 6 young (6144K), 2 survivors (2048K)
 Metaspace       used 33620K, capacity 34908K, committed 35072K, reserved 1079296K
  class space    used 3846K, capacity 4350K, committed 4352K, reserved 1048576K
}
Event: 41.330 GC heap after
{Heap after GC invocations=96 (full 0):
 garbage-first heap   total 195584K, used 34941K [0x0000000084400000, 0x0000000100000000)
  region size 1024K, 2 young (2048K), 2 survivors (2048K)
 Metaspace       used 33620K, capacity 34908K, committed 35072K, reserved 1079296K
  class space    used 3846K, capacity 4350K, committed 4352K, reserved 1048576K
}
Event: 41.491 GC heap before
{Heap before GC invocations=97 (full 0):
 garbage-first heap   total 191488K, used 92285K [0x0000000084400000, 0x0000000100000000)
  region size 1024K, 8 young (8192K), 2 survivors (2048K)
 Metaspace       used 33622K, capacity 34908K, committed 35072K, reserved 1079296K
  class space    used 3846K, capacity 4350K, committed 4352K, reserved 1048576K
}
Event: 41.493 GC heap after
{Heap after GC invocations=98 (full 0):
 garbage-first heap   total 191488K, used 32812K [0x0000000084400000, 0x0000000100000000)
  region size 1024K, 2 young (2048K), 2 survivors (2048K)
 Metaspace       used 33622K, capacity 34908K, committed 35072K, reserved 1079296K
  class space    used 3846K, capacity 4350K, committed 4352K, reserved 1048576K
}
Event: 41.660 GC heap before
{Heap before GC invocations=99 (full 0):
 garbage-first heap   total 208896K, used 122924K [0x0000000084400000, 0x0000000100000000)
  region size 1024K, 6 young (6144K), 2 survivors (2048K)
 Metaspace       used 33638K, capacity 34910K, committed 35072K, reserved 1079296K
  class space    used 3846K, capacity 4350K, committed 4352K, reserved 1048576K
}
Event: 41.662 GC heap after
{Heap after GC invocations=100 (full 0):
 garbage-first heap   total 208896K, used 33558K [0x0000000084400000, 0x0000000100000000)
  region size 1024K, 3 young (3072K), 3 survivors (3072K)
 Metaspace       used 33638K, capacity 34910K, committed 35072K, reserved 1079296K
  class space    used 3846K, capacity 4350K, committed 4352K, reserved 1048576K
}
Event: 42.095 GC heap before
{Heap before GC invocations=101 (full 0):
 garbage-first heap   total 150528K, used 69398K [0x0000000084400000, 0x0000000100000000)
  region size 1024K, 20 young (20480K), 3 survivors (3072K)
 Metaspace       used 33683K, capacity 34917K, committed 35072K, reserved 1079296K
  class space    used 3846K, capacity 4350K, committed 4352K, reserved 1048576K
}
Event: 42.098 GC heap after
{Heap after GC invocations=102 (full 0):
 garbage-first heap   total 150528K, used 32636K [0x0000000084400000, 0x0000000100000000)
  region size 1024K, 2 young (2048K), 2 survivors (2048K)
 Metaspace       used 33683K, capacity 34917K, committed 35072K, reserved 1079296K
  class space    used 3846K, capacity 4350K, committed 4352K, reserved 1048576K
}
Event: 42.920 GC heap before
{Heap before GC invocations=103 (full 0):
 garbage-first heap   total 150528K, used 59260K [0x0000000084400000, 0x0000000100000000)
  region size 1024K, 12 young (12288K), 2 survivors (2048K)
 Metaspace       used 33706K, capacity 34929K, committed 35200K, reserved 1079296K
  class space    used 3848K, capacity 4355K, committed 4480K, reserved 1048576K
}
Event: 42.923 GC heap after
{Heap after GC invocations=104 (full 0):
 garbage-first heap   total 150528K, used 32740K [0x0000000084400000, 0x0000000100000000)
  region size 1024K, 2 young (2048K), 2 survivors (2048K)
 Metaspace       used 33706K, capacity 34929K, committed 35200K, reserved 1079296K
  class space    used 3848K, capacity 4355K, committed 4480K, reserved 1048576K
}
Event: 43.148 GC heap before
{Heap before GC invocations=105 (full 0):
 garbage-first heap   total 150528K, used 51172K [0x0000000084400000, 0x0000000100000000)
  region size 1024K, 4 young (4096K), 2 survivors (2048K)
 Metaspace       used 33706K, capacity 34929K, committed 35200K, reserved 1079296K
  class space    used 3848K, capacity 4355K, committed 4480K, reserved 1048576K
}
Event: 43.151 GC heap after
{Heap after GC invocations=106 (full 0):
 garbage-first heap   total 150528K, used 32900K [0x0000000084400000, 0x0000000100000000)
  region size 1024K, 2 young (2048K), 2 survivors (2048K)
 Metaspace       used 33706K, capacity 34929K, committed 35200K, reserved 1079296K
  class space    used 3848K, capacity 4355K, committed 4480K, reserved 1048576K
}
Event: 43.620 GC heap before
{Heap before GC invocations=107 (full 0):
 garbage-first heap   total 150528K, used 52356K [0x0000000084400000, 0x0000000100000000)
  region size 1024K, 5 young (5120K), 2 survivors (2048K)
 Metaspace       used 33714K, capacity 34993K, committed 35200K, reserved 1079296K
  class space    used 3848K, capacity 4355K, committed 4480K, reserved 1048576K
}
Event: 43.622 GC heap after
{Heap after GC invocations=108 (full 0):
 garbage-first heap   total 150528K, used 32725K [0x0000000084400000, 0x0000000100000000)
  region size 1024K, 2 young (2048K), 2 survivors (2048K)
 Metaspace       used 33714K, capacity 34993K, committed 35200K, reserved 1079296K
  class space    used 3848K, capacity 4355K, committed 4480K, reserved 1048576K
}
Event: 43.748 GC heap before
{Heap before GC invocations=109 (full 0):
 garbage-first heap   total 214016K, used 122837K [0x0000000084400000, 0x0000000100000000)
  region size 1024K, 6 young (6144K), 2 survivors (2048K)
 Metaspace       used 33721K, capacity 34993K, committed 35200K, reserved 1079296K
  class space    used 3848K, capacity 4355K, committed 4480K, reserved 1048576K
}
Event: 43.751 GC heap after
{Heap after GC invocations=110 (full 0):
 garbage-first heap   total 214016K, used 32869K [0x0000000084400000, 0x0000000100000000)
  region size 1024K, 2 young (2048K), 2 survivors (2048K)
 Metaspace       used 33721K, capacity 34993K, committed 35200K, reserved 1079296K
  class space    used 3848K, capacity 4355K, committed 4480K, reserved 1048576K
}
Event: 43.931 GC heap before
{Heap before GC invocations=111 (full 0):
 garbage-first heap   total 214016K, used 92261K [0x0000000084400000, 0x0000000100000000)
  region size 1024K, 6 young (6144K), 2 survivors (2048K)
 Metaspace       used 33721K, capacity 34993K, committed 35200K, reserved 1079296K
  class space    used 3848K, capacity 4355K, committed 4480K, reserved 1048576K
}
Event: 43.933 GC heap after
{Heap after GC invocations=112 (full 0):
 garbage-first heap   total 214016K, used 34726K [0x0000000084400000, 0x0000000100000000)
  region size 1024K, 2 young (2048K), 2 survivors (2048K)
 Metaspace       used 33721K, capacity 34993K, committed 35200K, reserved 1079296K
  class space    used 3848K, capacity 4355K, committed 4480K, reserved 1048576K
}

