# JRE version: Java(TM) SE Runtime Environment (14.0.1+7) (build 14.0.1+7)
# Java VM: Java HotSpot(TM) 64-Bit Server VM (14.0.1+7, mixed mode, sharing, tiered, compressed oops, g1 gc, windows-amd64)
Heap:
 garbage-first heap   total 440320K, used 218697K [0x0000000084400000, 0x0000000100000000)
  region size 1024K, 9 young (9216K), 4 survivors (4096K)
 Metaspace       used 35111K, capacity 36514K, committed 36736K, reserved 1081344K
  class space    used 4342K, capacity 4938K, committed 4992K, reserved 1048576K
GC Heap History (20 events):
Event: 32.150 GC heap before
{Heap before GC invocations=98 (full 0):
 garbage-first heap   total 424960K, used 227997K [0x0000000084400000, 0x0000000100000000)
  region size 1024K, 8 young (8192K), 5 survivors (5120K)
 Metaspace       used 34734K, capacity 36121K, committed 36224K, reserved 1081344K
  class space    used 4339K, capacity 4905K, committed 4992K, reserved 1048576K
}
Event: 32.154 GC heap after
{Heap after GC invocations=99 (full 0):
 garbage-first heap   total 424960K, used 156614K [0x0000000084400000, 0x0000000100000000)
  region size 1024K, 5 young (5120K), 5 survivors (5120K)
 Metaspace       used 34734K, capacity 36121K, committed 36224K, reserved 1081344K
  class space    used 4339K, capacity 4905K, committed 4992K, reserved 1048576K
}
Event: 32.637 GC heap before
{Heap before GC invocations=100 (full 0):
 garbage-first heap   total 424960K, used 201670K [0x0000000084400000, 0x0000000100000000)
  region size 1024K, 23 young (23552K), 5 survivors (5120K)
 Metaspace       used 34788K, capacity 36191K, committed 36480K, reserved 1081344K
  class space    used 4339K, capacity 4905K, committed 4992K, reserved 1048576K
}
Event: 32.641 GC heap after
{Heap after GC invocations=101 (full 0):
 garbage-first heap   total 424960K, used 152339K [0x0000000084400000, 0x0000000100000000)
  region size 1024K, 6 young (6144K), 6 survivors (6144K)
 Metaspace       used 34788K, capacity 36191K, committed 36480K, reserved 1081344K
  class space    used 4339K, capacity 4905K, committed 4992K, reserved 1048576K
}
Event: 33.328 GC heap before
{Heap before GC invocations=102 (full 0):
 garbage-first heap   total 440320K, used 264979K [0x0000000084400000, 0x0000000100000000)
  region size 1024K, 16 young (16384K), 6 survivors (6144K)
 Metaspace       used 34805K, capacity 36257K, committed 36480K, reserved 1081344K
  class space    used 4339K, capacity 4905K, committed 4992K, reserved 1048576K
}
Event: 33.332 GC heap after
{Heap after GC invocations=103 (full 0):
 garbage-first heap   total 440320K, used 152276K [0x0000000084400000, 0x0000000100000000)
  region size 1024K, 6 young (6144K), 6 survivors (6144K)
 Metaspace       used 34805K, capacity 36257K, committed 36480K, reserved 1081344K
  class space    used 4339K, capacity 4905K, committed 4992K, reserved 1048576K
}
Event: 34.129 GC heap before
{Heap before GC invocations=104 (full 0):
 garbage-first heap   total 440320K, used 194260K [0x0000000084400000, 0x0000000100000000)
  region size 1024K, 15 young (15360K), 6 survivors (6144K)
 Metaspace       used 34848K, capacity 36329K, committed 36480K, reserved 1081344K
  class space    used 4339K, capacity 4905K, committed 4992K, reserved 1048576K
}
Event: 34.132 GC heap after
{Heap after GC invocations=105 (full 0):
 garbage-first heap   total 440320K, used 151740K [0x0000000084400000, 0x0000000100000000)
  region size 1024K, 4 young (4096K), 4 survivors (4096K)
 Metaspace       used 34848K, capacity 36329K, committed 36480K, reserved 1081344K
  class space    used 4339K, capacity 4905K, committed 4992K, reserved 1048576K
}
Event: 34.253 GC heap before
{Heap before GC invocations=106 (full 0):
 garbage-first heap   total 440320K, used 195772K [0x0000000084400000, 0x0000000100000000)
  region size 1024K, 13 young (13312K), 4 survivors (4096K)
 Metaspace       used 34858K, capacity 36331K, committed 36480K, reserved 1081344K
  class space    used 4339K, capacity 4905K, committed 4992K, reserved 1048576K
}
Event: 34.256 GC heap after
{Heap after GC invocations=107 (full 0):
 garbage-first heap   total 440320K, used 151363K [0x0000000084400000, 0x0000000100000000)
  region size 1024K, 5 young (5120K), 5 survivors (5120K)
 Metaspace       used 34858K, capacity 36331K, committed 36480K, reserved 1081344K
  class space    used 4339K, capacity 4905K, committed 4992K, reserved 1048576K
}
Event: 34.712 GC heap before
{Heap before GC invocations=108 (full 0):
 garbage-first heap   total 440320K, used 196419K [0x0000000084400000, 0x0000000100000000)
  region size 1024K, 16 young (16384K), 5 survivors (5120K)
 Metaspace       used 34873K, capacity 36337K, committed 36480K, reserved 1081344K
  class space    used 4339K, capacity 4906K, committed 4992K, reserved 1048576K
}
Event: 34.714 GC heap after
{Heap after GC invocations=109 (full 0):
 garbage-first heap   total 440320K, used 149920K [0x0000000084400000, 0x0000000100000000)
  region size 1024K, 3 young (3072K), 3 survivors (3072K)
 Metaspace       used 34873K, capacity 36337K, committed 36480K, reserved 1081344K
  class space    used 4339K, capacity 4906K, committed 4992K, reserved 1048576K
}
Event: 35.440 GC heap before
{Heap before GC invocations=110 (full 0):
 garbage-first heap   total 440320K, used 194976K [0x0000000084400000, 0x0000000100000000)
  region size 1024K, 15 young (15360K), 3 survivors (3072K)
 Metaspace       used 34943K, capacity 36401K, committed 36736K, reserved 1081344K
  class space    used 4339K, capacity 4906K, committed 4992K, reserved 1048576K
}
Event: 35.444 GC heap after
{Heap after GC invocations=111 (full 0):
 garbage-first heap   total 440320K, used 150986K [0x0000000084400000, 0x0000000100000000)
  region size 1024K, 4 young (4096K), 4 survivors (4096K)
 Metaspace       used 34943K, capacity 36401K, committed 36736K, reserved 1081344K
  class space    used 4339K, capacity 4906K, committed 4992K, reserved 1048576K
}
Event: 36.684 GC heap before
{Heap before GC invocations=112 (full 0):
 garbage-first heap   total 440320K, used 220618K [0x0000000084400000, 0x0000000100000000)
  region size 1024K, 32 young (32768K), 4 survivors (4096K)
 Metaspace       used 35015K, capacity 36476K, committed 36736K, reserved 1081344K
  class space    used 4341K, capacity 4906K, committed 4992K, reserved 1048576K
}
Event: 36.686 GC heap after
{Heap after GC invocations=113 (full 0):
 garbage-first heap   total 440320K, used 152498K [0x0000000084400000, 0x0000000100000000)
  region size 1024K, 4 young (4096K), 4 survivors (4096K)
 Metaspace       used 35015K, capacity 36476K, committed 36736K, reserved 1081344K
  class space    used 4341K, capacity 4906K, committed 4992K, reserved 1048576K
}
Event: 37.546 GC heap before
{Heap before GC invocations=114 (full 0):
 garbage-first heap   total 440320K, used 210866K [0x0000000084400000, 0x0000000100000000)
  region size 1024K, 16 young (16384K), 4 survivors (4096K)
 Metaspace       used 35069K, capacity 36509K, committed 36736K, reserved 1081344K
  class space    used 4342K, capacity 4938K, committed 4992K, reserved 1048576K
}
Event: 37.549 GC heap after
{Heap after GC invocations=115 (full 0):
 garbage-first heap   total 440320K, used 167160K [0x0000000084400000, 0x0000000100000000)
  region size 1024K, 5 young (5120K), 5 survivors (5120K)
 Metaspace       used 35069K, capacity 36509K, committed 36736K, reserved 1081344K
  class space    used 4342K, capacity 4938K, committed 4992K, reserved 1048576K
}
Event: 37.710 GC heap before
{Heap before GC invocations=116 (full 0):
 garbage-first heap   total 440320K, used 198904K [0x0000000084400000, 0x0000000100000000)
  region size 1024K, 8 young (8192K), 5 survivors (5120K)
 Metaspace       used 35088K, capacity 36509K, committed 36736K, reserved 1081344K
  class space    used 4342K, capacity 4938K, committed 4992K, reserved 1048576K
}
Event: 37.713 GC heap after
{Heap after GC invocations=117 (full 0):
 garbage-first heap   total 440320K, used 162377K [0x0000000084400000, 0x0000000100000000)
  region size 1024K, 4 young (4096K), 4 survivors (4096K)
 Metaspace       used 35088K, capacity 36509K, committed 36736K, reserved 1081344K
  class space    used 4342K, capacity 4938K, committed 4992K, reserved 1048576K
}

