# JRE version: Java(TM) SE Runtime Environment (14.0.1+7) (build 14.0.1+7)
# Java VM: Java HotSpot(TM) 64-Bit Server VM (14.0.1+7, mixed mode, sharing, tiered, compressed oops, g1 gc, windows-amd64)
Heap:
 garbage-first heap   total 365568K, used 269102K [0x0000000084400000, 0x0000000100000000)
  region size 1024K, 58 young (59392K), 4 survivors (4096K)
 Metaspace       used 32403K, capacity 33808K, committed 34048K, reserved 1079296K
  class space    used 4257K, capacity 4836K, committed 4864K, reserved 1048576K
GC Heap History (20 events):
Event: 6.891 GC heap before
{Heap before GC invocations=35 (full 0):
 garbage-first heap   total 193536K, used 115767K [0x0000000084400000, 0x0000000100000000)
  region size 1024K, 4 young (4096K), 1 survivors (1024K)
 Metaspace       used 19829K, capacity 20400K, committed 20736K, reserved 1067008K
  class space    used 2522K, capacity 2710K, committed 2816K, reserved 1048576K
}
Event: 6.892 GC heap after
{Heap after GC invocations=36 (full 0):
 garbage-first heap   total 193536K, used 113721K [0x0000000084400000, 0x0000000100000000)
  region size 1024K, 1 young (1024K), 1 survivors (1024K)
 Metaspace       used 19829K, capacity 20400K, committed 20736K, reserved 1067008K
  class space    used 2522K, capacity 2710K, committed 2816K, reserved 1048576K
}
Event: 6.942 GC heap before
{Heap before GC invocations=37 (full 0):
 garbage-first heap   total 198656K, used 117817K [0x0000000084400000, 0x0000000100000000)
  region size 1024K, 3 young (3072K), 1 survivors (1024K)
 Metaspace       used 19829K, capacity 20400K, committed 20736K, reserved 1067008K
  class space    used 2522K, capacity 2710K, committed 2816K, reserved 1048576K
}
Event: 6.943 GC heap after
{Heap after GC invocations=38 (full 0):
 garbage-first heap   total 198656K, used 116796K [0x0000000084400000, 0x0000000100000000)
  region size 1024K, 1 young (1024K), 1 survivors (1024K)
 Metaspace       used 19829K, capacity 20400K, committed 20736K, reserved 1067008K
  class space    used 2522K, capacity 2710K, committed 2816K, reserved 1048576K
}
Event: 7.322 GC heap before
{Heap before GC invocations=39 (full 0):
 garbage-first heap   total 206848K, used 131132K [0x0000000084400000, 0x0000000100000000)
  region size 1024K, 11 young (11264K), 1 survivors (1024K)
 Metaspace       used 19834K, capacity 20400K, committed 20736K, reserved 1067008K
  class space    used 2522K, capacity 2710K, committed 2816K, reserved 1048576K
}
Event: 7.323 GC heap after
{Heap after GC invocations=40 (full 0):
 garbage-first heap   total 206848K, used 121929K [0x0000000084400000, 0x0000000100000000)
  region size 1024K, 1 young (1024K), 1 survivors (1024K)
 Metaspace       used 19834K, capacity 20400K, committed 20736K, reserved 1067008K
  class space    used 2522K, capacity 2710K, committed 2816K, reserved 1048576K
}
Event: 7.529 GC heap before
{Heap before GC invocations=41 (full 0):
 garbage-first heap   total 217088K, used 134217K [0x0000000084400000, 0x0000000100000000)
  region size 1024K, 8 young (8192K), 1 survivors (1024K)
 Metaspace       used 19843K, capacity 20400K, committed 20736K, reserved 1067008K
  class space    used 2522K, capacity 2710K, committed 2816K, reserved 1048576K
}
Event: 7.530 GC heap after
{Heap after GC invocations=42 (full 0):
 garbage-first heap   total 217088K, used 128495K [0x0000000084400000, 0x0000000100000000)
  region size 1024K, 1 young (1024K), 1 survivors (1024K)
 Metaspace       used 19843K, capacity 20400K, committed 20736K, reserved 1067008K
  class space    used 2522K, capacity 2710K, committed 2816K, reserved 1048576K
}
Event: 7.661 GC heap before
{Heap before GC invocations=43 (full 0):
 garbage-first heap   total 220160K, used 135663K [0x0000000084400000, 0x0000000100000000)
  region size 1024K, 5 young (5120K), 1 survivors (1024K)
 Metaspace       used 19844K, capacity 20400K, committed 20736K, reserved 1067008K
  class space    used 2522K, capacity 2710K, committed 2816K, reserved 1048576K
}
Event: 7.662 GC heap after
{Heap after GC invocations=44 (full 0):
 garbage-first heap   total 220160K, used 132597K [0x0000000084400000, 0x0000000100000000)
  region size 1024K, 1 young (1024K), 1 survivors (1024K)
 Metaspace       used 19844K, capacity 20400K, committed 20736K, reserved 1067008K
  class space    used 2522K, capacity 2710K, committed 2816K, reserved 1048576K
}
Event: 9.170 GC heap before
{Heap before GC invocations=45 (full 0):
 garbage-first heap   total 230400K, used 164341K [0x0000000084400000, 0x0000000100000000)
  region size 1024K, 30 young (30720K), 1 survivors (1024K)
 Metaspace       used 26402K, capacity 27341K, committed 27648K, reserved 1073152K
  class space    used 3629K, capacity 3990K, committed 4096K, reserved 1048576K
}
Event: 9.175 GC heap after
{Heap after GC invocations=46 (full 0):
 garbage-first heap   total 230400K, used 138276K [0x0000000084400000, 0x0000000100000000)
  region size 1024K, 3 young (3072K), 3 survivors (3072K)
 Metaspace       used 26402K, capacity 27341K, committed 27648K, reserved 1073152K
  class space    used 3629K, capacity 3990K, committed 4096K, reserved 1048576K
}
Event: 12.134 GC heap before
{Heap before GC invocations=47 (full 0):
 garbage-first heap   total 237568K, used 144420K [0x0000000084400000, 0x0000000100000000)
  region size 1024K, 8 young (8192K), 3 survivors (3072K)
 Metaspace       used 27027K, capacity 28108K, committed 28160K, reserved 1073152K
  class space    used 3670K, capacity 4093K, committed 4096K, reserved 1048576K
}
Event: 12.138 GC heap after
{Heap after GC invocations=48 (full 0):
 garbage-first heap   total 237568K, used 140585K [0x0000000084400000, 0x0000000100000000)
  region size 1024K, 3 young (3072K), 3 survivors (3072K)
 Metaspace       used 27027K, capacity 28108K, committed 28160K, reserved 1073152K
  class space    used 3670K, capacity 4093K, committed 4096K, reserved 1048576K
}
Event: 12.995 GC heap before
{Heap before GC invocations=49 (full 0):
 garbage-first heap   total 245760K, used 205097K [0x0000000084400000, 0x0000000100000000)
  region size 1024K, 62 young (63488K), 3 survivors (3072K)
 Metaspace       used 30717K, capacity 31984K, committed 32128K, reserved 1077248K
  class space    used 4129K, capacity 4663K, committed 4736K, reserved 1048576K
}
Event: 13.004 GC heap after
{Heap after GC invocations=50 (full 0):
 garbage-first heap   total 245760K, used 145353K [0x0000000084400000, 0x0000000100000000)
  region size 1024K, 6 young (6144K), 6 survivors (6144K)
 Metaspace       used 30717K, capacity 31984K, committed 32128K, reserved 1077248K
  class space    used 4129K, capacity 4663K, committed 4736K, reserved 1048576K
}
Event: 13.602 GC heap before
{Heap before GC invocations=50 (full 0):
 garbage-first heap   total 245760K, used 169929K [0x0000000084400000, 0x0000000100000000)
  region size 1024K, 32 young (32768K), 6 survivors (6144K)
 Metaspace       used 31830K, capacity 33192K, committed 33536K, reserved 1077248K
  class space    used 4217K, capacity 4765K, committed 4864K, reserved 1048576K
}
Event: 13.608 GC heap after
{Heap after GC invocations=51 (full 0):
 garbage-first heap   total 245760K, used 145986K [0x0000000084400000, 0x0000000100000000)
  region size 1024K, 4 young (4096K), 4 survivors (4096K)
 Metaspace       used 31830K, capacity 33192K, committed 33536K, reserved 1077248K
  class space    used 4217K, capacity 4765K, committed 4864K, reserved 1048576K
}
Event: 13.784 GC heap before
{Heap before GC invocations=52 (full 0):
 garbage-first heap   total 343040K, used 207426K [0x0000000084400000, 0x0000000100000000)
  region size 1024K, 15 young (15360K), 4 survivors (4096K)
 Metaspace       used 32013K, capacity 33385K, committed 33536K, reserved 1077248K
  class space    used 4240K, capacity 4787K, committed 4864K, reserved 1048576K
}
Event: 13.790 GC heap after
{Heap after GC invocations=53 (full 0):
 garbage-first heap   total 343040K, used 146222K [0x0000000084400000, 0x0000000100000000)
  region size 1024K, 4 young (4096K), 4 survivors (4096K)
 Metaspace       used 32013K, capacity 33385K, committed 33536K, reserved 1077248K
  class space    used 4240K, capacity 4787K, committed 4864K, reserved 1048576K
}

